<?xml version="1.0" encoding="UTF-8"?>
<!-- Generated by org.testng.reporters.JUnitReportReporter -->
<testsuite hostname="LIN51017782" failures="0" tests="1" name="com.Automation.Test.LoginTest" time="12.800" errors="0" timestamp="08 Dec 2021 08:53:57 GMT" skipped="0">
  <testcase classname="com.Automation.Test.LoginTest" name="VerifyLogin" time="12.800"/>
</testsuite> <!-- com.Automation.Test.LoginTest -->
